TN:
SF:src/controllers/produtoController.js
FN:3,(anonymous_0)
FN:12,(anonymous_1)
FN:22,(anonymous_2)
FN:30,(anonymous_3)
FN:38,(anonymous_4)
FNF:5
FNH:5
FNDA:2,(anonymous_0)
FNDA:2,(anonymous_1)
FNDA:2,(anonymous_2)
FNDA:1,(anonymous_3)
FNDA:1,(anonymous_4)
DA:3,1
DA:4,2
DA:5,2
DA:6,1
DA:8,1
DA:12,1
DA:13,2
DA:14,2
DA:15,2
DA:16,1
DA:18,1
DA:22,1
DA:23,2
DA:24,2
DA:25,1
DA:27,1
DA:30,1
DA:31,1
DA:32,1
DA:33,0
DA:35,1
DA:38,1
DA:39,1
DA:40,1
DA:41,0
DA:43,1
LF:26
LH:24
BRF:0
BRH:0
end_of_record
TN:
SF:src/repository/produtoRepository.js
FN:5,(anonymous_0)
FN:9,(anonymous_1)
FN:15,(anonymous_2)
FN:27,(anonymous_3)
FN:38,(anonymous_4)
FNF:5
FNH:0
FNDA:0,(anonymous_0)
FNDA:0,(anonymous_1)
FNDA:0,(anonymous_2)
FNDA:0,(anonymous_3)
FNDA:0,(anonymous_4)
DA:3,1
DA:5,1
DA:6,0
DA:9,1
DA:10,0
DA:15,1
DA:16,0
DA:27,1
DA:28,0
DA:38,1
DA:39,0
LF:11
LH:6
BRF:0
BRH:0
end_of_record
TN:
SF:src/services/produtoService.js
FN:3,(anonymous_0)
FN:7,(anonymous_1)
FN:12,(anonymous_2)
FN:16,(anonymous_3)
FN:21,(anonymous_4)
FNF:5
FNH:0
FNDA:0,(anonymous_0)
FNDA:0,(anonymous_1)
FNDA:0,(anonymous_2)
FNDA:0,(anonymous_3)
FNDA:0,(anonymous_4)
DA:3,1
DA:4,0
DA:7,1
DA:9,0
DA:12,1
DA:13,0
DA:16,1
DA:18,0
DA:21,1
DA:23,0
LF:10
LH:5
BRF:0
BRH:0
end_of_record
